[setup] output_dir=outputs\comprehensive_reproduction\efficiency\synthetic_dirichlet_alpha05_backdoor_square\run-20260524-115202
[setup] methods=['FedRecover', 'Crab', 'FedUP', 'FedSweep', 'UnlearningBackdoor', 'FAST', 'MCCFed']
[train] training one shared poisoned FL history for all methods...
[train] done in 64.76s | poisoned clean_acc=1.0000, ASR=1.0000
[baseline] training clean retrain-from-scratch baseline...
[baseline] clean_acc=1.0000, ASR=0.0000, time=39.03s
[recover] FedRecover...
[recover] FedRecover: clean_acc=1.0000, ASR=0.0000, time=30.74s
[recover] Crab...
[recover] Crab: clean_acc=1.0000, ASR=0.0000, time=21.66s
[recover] FedUP...
[recover] FedUP: clean_acc=1.0000, ASR=0.0000, time=6.60s
[recover] FedSweep...
[recover] FedSweep: clean_acc=1.0000, ASR=0.2234, time=4.13s
[recover] UnlearningBackdoor...
[recover] UnlearningBackdoor: clean_acc=1.0000, ASR=0.0000, time=0.25s
[recover] FAST...
[recover] FAST: clean_acc=1.0000, ASR=0.0000, time=0.41s
[recover] MCCFed...
[recover] MCCFed: clean_acc=1.0000, ASR=0.0000, time=8.34s
[done] results saved to outputs\comprehensive_reproduction\efficiency\synthetic_dirichlet_alpha05_backdoor_square\run-20260524-115202\results.csv
