[setup] output_dir=outputs\comprehensive_reproduction\data_distribution\mnist_dirichlet_alpha05_backdoor_square\run-20260524-032343
[setup] methods=['FedRecover', 'Crab', 'FedUP', 'FedSweep', 'UnlearningBackdoor', 'FAST', 'MCCFed']
[train] training one shared poisoned FL history for all methods...
[train] done in 145.34s | poisoned clean_acc=0.9747, ASR=0.9993
[baseline] training clean retrain-from-scratch baseline...
[baseline] clean_acc=0.9687, ASR=0.0022, time=102.93s
[recover] FedRecover...
[recover] FedRecover: clean_acc=0.9713, ASR=0.0007, time=66.06s
[recover] Crab...
[recover] Crab: clean_acc=0.9587, ASR=0.0015, time=85.71s
[recover] FedUP...
[recover] FedUP: clean_acc=0.9633, ASR=0.0139, time=15.80s
[recover] FedSweep...
[recover] FedSweep: clean_acc=0.9673, ASR=0.7232, time=3.58s
[recover] UnlearningBackdoor...
[recover] UnlearningBackdoor: clean_acc=0.9653, ASR=0.0007, time=0.76s
[recover] FAST...
[recover] FAST: clean_acc=0.9767, ASR=0.0197, time=1.78s
[recover] MCCFed...
[recover] MCCFed: clean_acc=0.9493, ASR=0.3272, time=11.37s
[done] results saved to outputs\comprehensive_reproduction\data_distribution\mnist_dirichlet_alpha05_backdoor_square\run-20260524-032343\results.csv
