[setup] output_dir=outputs\comprehensive_reproduction\data_distribution\mnist_iid_backdoor_square\run-20260524-030927
[setup] methods=['FedRecover', 'Crab', 'FedUP', 'FedSweep', 'UnlearningBackdoor', 'FAST', 'MCCFed']
[train] training one shared poisoned FL history for all methods...
[train] done in 132.39s | poisoned clean_acc=0.9793, ASR=0.9993
[baseline] training clean retrain-from-scratch baseline...
[baseline] clean_acc=0.9747, ASR=0.0015, time=104.67s
[recover] FedRecover...
[recover] FedRecover: clean_acc=0.9800, ASR=0.0000, time=67.56s
[recover] Crab...
[recover] Crab: clean_acc=0.9760, ASR=0.9978, time=61.77s
[recover] FedUP...
[recover] FedUP: clean_acc=0.9707, ASR=0.0088, time=16.39s
[recover] FedSweep...
[recover] FedSweep: clean_acc=0.9673, ASR=0.1344, time=5.60s
[recover] UnlearningBackdoor...
[recover] UnlearningBackdoor: clean_acc=0.9740, ASR=0.0007, time=0.75s
[recover] FAST...
[recover] FAST: clean_acc=0.9707, ASR=0.0000, time=6.32s
[recover] MCCFed...
[recover] MCCFed: clean_acc=0.9793, ASR=0.0000, time=16.46s
[done] results saved to outputs\comprehensive_reproduction\data_distribution\mnist_iid_backdoor_square\run-20260524-030927\results.csv
