[setup] output_dir=outputs\comprehensive_reproduction\attack_robustness\mnist_dirichlet_alpha05_backdoor_plus\run-20260524-094559
[setup] methods=['FedRecover', 'Crab', 'FedUP', 'FedSweep', 'UnlearningBackdoor', 'FAST', 'MCCFed']
[train] training one shared poisoned FL history for all methods...
[train] done in 146.35s | poisoned clean_acc=0.9727, ASR=0.9978
[baseline] training clean retrain-from-scratch baseline...
[baseline] clean_acc=0.9707, ASR=0.0029, time=107.44s
[recover] FedRecover...
[recover] FedRecover: clean_acc=0.9700, ASR=0.0015, time=69.04s
[recover] Crab...
[recover] Crab: clean_acc=0.9627, ASR=0.0022, time=86.02s
[recover] FedUP...
[recover] FedUP: clean_acc=0.9640, ASR=0.0095, time=15.95s
[recover] FedSweep...
[recover] FedSweep: clean_acc=0.9460, ASR=0.0007, time=6.20s
[recover] UnlearningBackdoor...
[recover] UnlearningBackdoor: clean_acc=0.9653, ASR=0.0029, time=0.76s
[recover] FAST...
[recover] FAST: clean_acc=0.9760, ASR=0.2571, time=1.30s
[recover] MCCFed...
[recover] MCCFed: clean_acc=0.9613, ASR=0.0029, time=12.84s
[done] results saved to outputs\comprehensive_reproduction\attack_robustness\mnist_dirichlet_alpha05_backdoor_plus\run-20260524-094559\results.csv
