[setup] output_dir=outputs\comprehensive_reproduction\malicious_ratio\mnist_dirichlet_alpha05_backdoor_40p_malicious\run-20260524-112210
[setup] methods=['FedRecover', 'Crab', 'FedUP', 'FedSweep', 'UnlearningBackdoor', 'FAST', 'MCCFed']
[train] training one shared poisoned FL history for all methods...
[train] done in 139.81s | poisoned clean_acc=0.9687, ASR=1.0000
[baseline] training clean retrain-from-scratch baseline...
[baseline] clean_acc=0.9693, ASR=0.0044, time=80.20s
[recover] FedRecover...
[recover] FedRecover: clean_acc=0.9740, ASR=0.0022, time=48.52s
[recover] Crab...
[recover] Crab: clean_acc=0.9540, ASR=0.0037, time=77.87s
[recover] FedUP...
[recover] FedUP: clean_acc=0.9593, ASR=0.0051, time=11.62s
[recover] FedSweep...
[recover] FedSweep: clean_acc=0.9687, ASR=0.9993, time=2.91s
[recover] UnlearningBackdoor...
[recover] UnlearningBackdoor: clean_acc=0.9567, ASR=0.0015, time=0.66s
[recover] FAST...
[recover] FAST: clean_acc=0.9733, ASR=0.0139, time=1.69s
[recover] MCCFed...
[recover] MCCFed: clean_acc=0.4307, ASR=0.2885, time=1.27s
[done] results saved to outputs\comprehensive_reproduction\malicious_ratio\mnist_dirichlet_alpha05_backdoor_40p_malicious\run-20260524-112210\results.csv
