D:\我的文件\悉尼大学S3\Capstone\fu_repro_benchmark\.venv\Lib\site-packages\torchvision\datasets\cifar.py:83: VisibleDeprecationWarning: dtype(): align should be passed as Python or NumPy boolean but got `align=0`. Did you mean to pass a tuple to create a subarray type? (Deprecated NumPy 2.4)
  entry = pickle.load(f, encoding="latin1")
[setup] output_dir=outputs\comprehensive_reproduction\data_distribution\cifar10_dirichlet_alpha05_backdoor_square\run-20260524-035643
[setup] methods=['FedRecover', 'Crab', 'FedUP', 'FedSweep', 'UnlearningBackdoor', 'FAST', 'MCCFed']
[train] training one shared poisoned FL history for all methods...
[train] done in 86.05s | poisoned clean_acc=0.4993, ASR=0.8952
[baseline] training clean retrain-from-scratch baseline...
[baseline] clean_acc=0.4987, ASR=0.0572, time=59.65s
[recover] FedRecover...
[recover] FedRecover: clean_acc=0.4727, ASR=0.0817, time=55.57s
[recover] Crab...
[recover] Crab: clean_acc=0.3707, ASR=0.0624, time=49.84s
[recover] FedUP...
[recover] FedUP: clean_acc=0.4307, ASR=0.0929, time=9.35s
[recover] FedSweep...
[recover] FedSweep: clean_acc=0.4727, ASR=0.1270, time=5.89s
[recover] UnlearningBackdoor...
[recover] UnlearningBackdoor: clean_acc=0.4333, ASR=0.0379, time=0.78s
[recover] FAST...
[recover] FAST: clean_acc=0.5027, ASR=0.7377, time=1.16s
[recover] MCCFed...
[recover] MCCFed: clean_acc=0.3680, ASR=0.0624, time=6.00s
[done] results saved to outputs\comprehensive_reproduction\data_distribution\cifar10_dirichlet_alpha05_backdoor_square\run-20260524-035643\results.csv
