[setup] output_dir=outputs\comprehensive_reproduction\data_distribution\fmnist_dirichlet_alpha05_backdoor_square\run-20260524-034449
[setup] methods=['FedRecover', 'Crab', 'FedUP', 'FedSweep', 'UnlearningBackdoor', 'FAST', 'MCCFed']
[train] training one shared poisoned FL history for all methods...
[train] done in 137.93s | poisoned clean_acc=0.8287, ASR=0.8761
[baseline] training clean retrain-from-scratch baseline...
[baseline] clean_acc=0.8353, ASR=0.0037, time=109.56s
[recover] FedRecover...
[recover] FedRecover: clean_acc=0.8347, ASR=0.0052, time=70.28s
[recover] Crab...
[recover] Crab: clean_acc=0.7753, ASR=0.0619, time=81.77s
[recover] FedUP...
[recover] FedUP: clean_acc=0.8093, ASR=0.0096, time=17.06s
[recover] FedSweep...
[recover] FedSweep: clean_acc=0.8173, ASR=0.0634, time=5.20s
[recover] UnlearningBackdoor...
[recover] UnlearningBackdoor: clean_acc=0.8153, ASR=0.0088, time=0.74s
[recover] FAST...
[recover] FAST: clean_acc=0.8373, ASR=0.8075, time=0.92s
[recover] MCCFed...
[recover] MCCFed: clean_acc=0.8040, ASR=0.8171, time=18.52s
[done] results saved to outputs\comprehensive_reproduction\data_distribution\fmnist_dirichlet_alpha05_backdoor_square\run-20260524-034449\results.csv
