[setup] output_dir=outputs\comprehensive_reproduction\attack_robustness\mnist_dirichlet_alpha05_model_replacement\run-20260524-100806
[setup] methods=['FedRecover', 'Crab', 'FedUP', 'FedSweep', 'UnlearningBackdoor', 'FAST', 'MCCFed']
[train] training one shared poisoned FL history for all methods...
[train] done in 140.05s | poisoned clean_acc=0.9753, ASR=1.0000
[baseline] training clean retrain-from-scratch baseline...
[baseline] clean_acc=0.9700, ASR=0.0022, time=99.24s
[recover] FedRecover...
[recover] FedRecover: clean_acc=0.9680, ASR=0.0015, time=64.68s
[recover] Crab...
[recover] Crab: clean_acc=0.9547, ASR=0.0015, time=71.96s
[recover] FedUP...
[recover] FedUP: clean_acc=0.9640, ASR=0.1183, time=15.12s
[recover] FedSweep...
[recover] FedSweep: clean_acc=0.9627, ASR=0.1183, time=3.82s
[recover] UnlearningBackdoor...
[recover] UnlearningBackdoor: clean_acc=0.9507, ASR=0.0022, time=0.67s
[recover] FAST...
[recover] FAST: clean_acc=0.9700, ASR=0.0007, time=1.45s
[recover] MCCFed...
[recover] MCCFed: clean_acc=0.9600, ASR=0.0015, time=18.65s
[done] results saved to outputs\comprehensive_reproduction\attack_robustness\mnist_dirichlet_alpha05_model_replacement\run-20260524-100806\results.csv
