[setup] output_dir=outputs\comprehensive_reproduction\attack_robustness\mnist_dirichlet_alpha05_backdoor_square\run-20260524-093816
[setup] methods=['FedRecover', 'Crab', 'FedUP', 'FedSweep', 'UnlearningBackdoor', 'FAST', 'MCCFed']
[train] training one shared poisoned FL history for all methods...
[train] done in 147.54s | poisoned clean_acc=0.9720, ASR=0.9993
[baseline] training clean retrain-from-scratch baseline...
[baseline] clean_acc=0.9713, ASR=0.0029, time=109.46s
[recover] FedRecover...
[recover] FedRecover: clean_acc=0.9707, ASR=0.0007, time=69.25s
[recover] Crab...
[recover] Crab: clean_acc=0.9480, ASR=0.0007, time=86.92s
[recover] FedUP...
[recover] FedUP: clean_acc=0.9600, ASR=0.0124, time=16.92s
[recover] FedSweep...
[recover] FedSweep: clean_acc=0.9613, ASR=0.0015, time=6.19s
[recover] UnlearningBackdoor...
[recover] UnlearningBackdoor: clean_acc=0.9693, ASR=0.0007, time=0.74s
[recover] FAST...
[recover] FAST: clean_acc=0.9727, ASR=0.0183, time=1.78s
[recover] MCCFed...
[recover] MCCFed: clean_acc=0.9613, ASR=0.0044, time=13.11s
[done] results saved to outputs\comprehensive_reproduction\attack_robustness\mnist_dirichlet_alpha05_backdoor_square\run-20260524-093816\results.csv
