D:\我的文件\悉尼大学S3\Capstone\fu_repro_benchmark\.venv\Lib\site-packages\torchvision\datasets\cifar.py:83: VisibleDeprecationWarning: dtype(): align should be passed as Python or NumPy boolean but got `align=0`. Did you mean to pass a tuple to create a subarray type? (Deprecated NumPy 2.4)
  entry = pickle.load(f, encoding="latin1")
[setup] output_dir=outputs\comprehensive_reproduction\attack_robustness\cifar10_dirichlet_alpha05_backdoor_square\run-20260524-103715
[setup] methods=['FedRecover', 'Crab', 'FedUP', 'FedSweep', 'UnlearningBackdoor', 'FAST', 'MCCFed']
[train] training one shared poisoned FL history for all methods...
[train] done in 84.55s | poisoned clean_acc=0.4960, ASR=0.8982
[baseline] training clean retrain-from-scratch baseline...
[baseline] clean_acc=0.4960, ASR=0.0565, time=58.29s
[recover] FedRecover...
[recover] FedRecover: clean_acc=0.4847, ASR=0.0505, time=54.41s
[recover] Crab...
[recover] Crab: clean_acc=0.3847, ASR=0.0661, time=46.60s
[recover] FedUP...
[recover] FedUP: clean_acc=0.4353, ASR=0.0944, time=8.90s
[recover] FedSweep...
[recover] FedSweep: clean_acc=0.4793, ASR=0.1285, time=5.75s
[recover] UnlearningBackdoor...
[recover] UnlearningBackdoor: clean_acc=0.4287, ASR=0.0349, time=0.78s
[recover] FAST...
[recover] FAST: clean_acc=0.4940, ASR=0.7697, time=1.35s
[recover] MCCFed...
[recover] MCCFed: clean_acc=0.4080, ASR=0.0706, time=5.45s
[done] results saved to outputs\comprehensive_reproduction\attack_robustness\cifar10_dirichlet_alpha05_backdoor_square\run-20260524-103715\results.csv
