[setup] output_dir=outputs\comprehensive_reproduction\attack_robustness\fmnist_dirichlet_alpha05_backdoor_square\run-20260524-101513
[setup] methods=['FedRecover', 'Crab', 'FedUP', 'FedSweep', 'UnlearningBackdoor', 'FAST', 'MCCFed']
[train] training one shared poisoned FL history for all methods...
[train] done in 137.11s | poisoned clean_acc=0.8320, ASR=0.8842
[baseline] training clean retrain-from-scratch baseline...
[baseline] clean_acc=0.8360, ASR=0.0029, time=108.98s
[recover] FedRecover...
[recover] FedRecover: clean_acc=0.8413, ASR=0.0052, time=69.92s
[recover] Crab...
[recover] Crab: clean_acc=0.7693, ASR=0.0310, time=77.98s
[recover] FedUP...
[recover] FedUP: clean_acc=0.8153, ASR=0.0199, time=16.70s
[recover] FedSweep...
[recover] FedSweep: clean_acc=0.8153, ASR=0.0605, time=4.81s
[recover] UnlearningBackdoor...
[recover] UnlearningBackdoor: clean_acc=0.8140, ASR=0.0037, time=0.68s
[recover] FAST...
[recover] FAST: clean_acc=0.8320, ASR=0.8252, time=0.86s
[recover] MCCFed...
[recover] MCCFed: clean_acc=0.8280, ASR=0.8105, time=18.12s
[done] results saved to outputs\comprehensive_reproduction\attack_robustness\fmnist_dirichlet_alpha05_backdoor_square\run-20260524-101513\results.csv
