[setup] output_dir=outputs\comprehensive_reproduction\malicious_ratio\fmnist_dirichlet_alpha05_backdoor_10p_malicious\run-20260524-112826
[setup] methods=['FedRecover', 'Crab', 'FedUP', 'FedSweep', 'UnlearningBackdoor', 'FAST', 'MCCFed']
[train] training one shared poisoned FL history for all methods...
[train] done in 128.80s | poisoned clean_acc=0.8260, ASR=0.7316
[baseline] training clean retrain-from-scratch baseline...
[baseline] clean_acc=0.8467, ASR=0.0111, time=111.37s
[recover] FedRecover...
[recover] FedRecover: clean_acc=0.8493, ASR=0.0074, time=73.59s
[recover] Crab...
[recover] Crab: clean_acc=0.7773, ASR=0.0472, time=74.11s
[recover] FedUP...
[recover] FedUP: clean_acc=0.8173, ASR=0.0059, time=17.72s
[recover] FedSweep...
[recover] FedSweep: clean_acc=0.8300, ASR=0.0509, time=4.33s
[recover] UnlearningBackdoor...
[recover] UnlearningBackdoor: clean_acc=0.8207, ASR=0.0044, time=0.66s
[recover] FAST...
[recover] FAST: clean_acc=0.8380, ASR=0.4071, time=1.18s
[recover] MCCFed...
[recover] MCCFed: clean_acc=0.4933, ASR=0.0000, time=1.67s
[done] results saved to outputs\comprehensive_reproduction\malicious_ratio\fmnist_dirichlet_alpha05_backdoor_10p_malicious\run-20260524-112826\results.csv
