[setup] output_dir=outputs\comprehensive_reproduction\efficiency\fmnist_dirichlet_alpha05_backdoor_square\run-20260524-120229
[setup] methods=['FedRecover', 'Crab', 'FedUP', 'FedSweep', 'UnlearningBackdoor', 'FAST', 'MCCFed']
[train] training one shared poisoned FL history for all methods...
[train] done in 138.69s | poisoned clean_acc=0.8327, ASR=0.8783
[baseline] training clean retrain-from-scratch baseline...
[baseline] clean_acc=0.8340, ASR=0.0037, time=107.86s
[recover] FedRecover...
[recover] FedRecover: clean_acc=0.8440, ASR=0.0015, time=67.96s
[recover] Crab...
[recover] Crab: clean_acc=0.7820, ASR=0.0782, time=79.25s
[recover] FedUP...
[recover] FedUP: clean_acc=0.8153, ASR=0.0125, time=16.43s
[recover] FedSweep...
[recover] FedSweep: clean_acc=0.8187, ASR=0.0546, time=5.02s
[recover] UnlearningBackdoor...
[recover] UnlearningBackdoor: clean_acc=0.8100, ASR=0.0088, time=0.75s
[recover] FAST...
[recover] FAST: clean_acc=0.8367, ASR=0.8060, time=1.01s
[recover] MCCFed...
[recover] MCCFed: clean_acc=0.8287, ASR=0.7965, time=17.97s
[done] results saved to outputs\comprehensive_reproduction\efficiency\fmnist_dirichlet_alpha05_backdoor_square\run-20260524-120229\results.csv
