[setup] output_dir=outputs\comprehensive_reproduction\malicious_ratio\mnist_dirichlet_alpha05_backdoor_10p_malicious\run-20260524-110054
[setup] methods=['FedRecover', 'Crab', 'FedUP', 'FedSweep', 'UnlearningBackdoor', 'FAST', 'MCCFed']
[train] training one shared poisoned FL history for all methods...
[train] done in 136.96s | poisoned clean_acc=0.9680, ASR=0.9971
[baseline] training clean retrain-from-scratch baseline...
[baseline] clean_acc=0.9707, ASR=0.0029, time=104.10s
[recover] FedRecover...
[recover] FedRecover: clean_acc=0.9633, ASR=0.0037, time=71.52s
[recover] Crab...
[recover] Crab: clean_acc=0.9573, ASR=0.0263, time=83.02s
[recover] FedUP...
[recover] FedUP: clean_acc=0.9647, ASR=0.0110, time=17.08s
[recover] FedSweep...
[recover] FedSweep: clean_acc=0.9587, ASR=0.0066, time=5.03s
[recover] UnlearningBackdoor...
[recover] UnlearningBackdoor: clean_acc=0.9653, ASR=0.0015, time=0.70s
[recover] FAST...
[recover] FAST: clean_acc=0.9700, ASR=0.0022, time=6.19s
[recover] MCCFed...
[recover] MCCFed: clean_acc=0.9733, ASR=0.9847, time=21.16s
[done] results saved to outputs\comprehensive_reproduction\malicious_ratio\mnist_dirichlet_alpha05_backdoor_10p_malicious\run-20260524-110054\results.csv
