[setup] output_dir=outputs\comprehensive_reproduction\attack_robustness\fmnist_dirichlet_alpha05_label_flip\run-20260524-102239
[setup] methods=['FedRecover', 'Crab', 'FedUP', 'FedSweep', 'UnlearningBackdoor', 'FAST', 'MCCFed']
[train] training one shared poisoned FL history for all methods...
[train] done in 140.11s | poisoned clean_acc=0.8367, ASR=0.0044
[baseline] training clean retrain-from-scratch baseline...
[baseline] clean_acc=0.8347, ASR=0.0044, time=113.84s
[recover] FedRecover...
[recover] FedRecover: clean_acc=0.8360, ASR=0.0059, time=73.89s
[recover] Crab...
[recover] Crab: clean_acc=0.7940, ASR=0.0111, time=80.44s
[recover] FedUP...
[recover] FedUP: clean_acc=0.8227, ASR=0.0103, time=16.41s
[recover] FedSweep...
[recover] FedSweep: clean_acc=0.8367, ASR=0.0044, time=4.44s
[recover] UnlearningBackdoor...
[recover] UnlearningBackdoor: clean_acc=0.4627, ASR=0.0000, time=0.72s
[recover] FAST...
[recover] FAST: clean_acc=0.8240, ASR=0.0125, time=1.37s
[recover] MCCFed...
[recover] MCCFed: clean_acc=0.0947, ASR=0.0000, time=2.13s
[done] results saved to outputs\comprehensive_reproduction\attack_robustness\fmnist_dirichlet_alpha05_label_flip\run-20260524-102239\results.csv
