D:\我的文件\悉尼大学S3\Capstone\fu_repro_benchmark\.venv\Lib\site-packages\torchvision\datasets\cifar.py:83: VisibleDeprecationWarning: dtype(): align should be passed as Python or NumPy boolean but got `align=0`. Did you mean to pass a tuple to create a subarray type? (Deprecated NumPy 2.4)
  entry = pickle.load(f, encoding="latin1")
[setup] output_dir=outputs\comprehensive_reproduction\attack_robustness\cifar10_dirichlet_alpha05_label_flip\run-20260524-104154
[setup] methods=['FedRecover', 'Crab', 'FedUP', 'FedSweep', 'UnlearningBackdoor', 'FAST', 'MCCFed']
[train] training one shared poisoned FL history for all methods...
[train] done in 84.43s | poisoned clean_acc=0.4580, ASR=0.0431
[baseline] training clean retrain-from-scratch baseline...
[baseline] clean_acc=0.4967, ASR=0.0565, time=59.25s
[recover] FedRecover...
[recover] FedRecover: clean_acc=0.4847, ASR=0.0409, time=54.87s
[recover] Crab...
[recover] Crab: clean_acc=0.3833, ASR=0.0386, time=52.17s
[recover] FedUP...
[recover] FedUP: clean_acc=0.4207, ASR=0.0847, time=9.02s
[recover] FedSweep...
[recover] FedSweep: clean_acc=0.4667, ASR=0.0201, time=4.84s
[recover] UnlearningBackdoor...
[recover] UnlearningBackdoor: clean_acc=0.3827, ASR=0.0602, time=0.84s
[recover] FAST...
[recover] FAST: clean_acc=0.4747, ASR=0.0468, time=1.33s
[recover] MCCFed...
[recover] MCCFed: clean_acc=0.3380, ASR=0.0550, time=10.02s
[done] results saved to outputs\comprehensive_reproduction\attack_robustness\cifar10_dirichlet_alpha05_label_flip\run-20260524-104154\results.csv
