[setup] output_dir=outputs\comprehensive_reproduction\malicious_ratio\mnist_dirichlet_alpha05_backdoor_square\run-20260524-110830
[setup] methods=['FedRecover', 'Crab', 'FedUP', 'FedSweep', 'UnlearningBackdoor', 'FAST', 'MCCFed']
[train] training one shared poisoned FL history for all methods...
[train] done in 140.08s | poisoned clean_acc=0.9740, ASR=0.9993
[baseline] training clean retrain-from-scratch baseline...
[baseline] clean_acc=0.9707, ASR=0.0022, time=98.59s
[recover] FedRecover...
[recover] FedRecover: clean_acc=0.9713, ASR=0.0007, time=66.67s
[recover] Crab...
[recover] Crab: clean_acc=0.8940, ASR=0.0007, time=82.05s
[recover] FedUP...
[recover] FedUP: clean_acc=0.9580, ASR=0.0131, time=15.69s
[recover] FedSweep...
[recover] FedSweep: clean_acc=0.9653, ASR=0.6903, time=3.26s
[recover] UnlearningBackdoor...
[recover] UnlearningBackdoor: clean_acc=0.9700, ASR=0.0007, time=0.81s
[recover] FAST...
[recover] FAST: clean_acc=0.9727, ASR=0.0124, time=1.84s
[recover] MCCFed...
[recover] MCCFed: clean_acc=0.9613, ASR=0.0037, time=11.45s
[done] results saved to outputs\comprehensive_reproduction\malicious_ratio\mnist_dirichlet_alpha05_backdoor_square\run-20260524-110830\results.csv
