D:\我的文件\悉尼大学S3\Capstone\fu_repro_benchmark\.venv\Lib\site-packages\torchvision\datasets\cifar.py:83: VisibleDeprecationWarning: dtype(): align should be passed as Python or NumPy boolean but got `align=0`. Did you mean to pass a tuple to create a subarray type? (Deprecated NumPy 2.4)
  entry = pickle.load(f, encoding="latin1")
[setup] output_dir=outputs\comprehensive_reproduction\data_distribution\cifar10_iid_backdoor_square\run-20260524-035221
[setup] methods=['FedRecover', 'Crab', 'FedUP', 'FedSweep', 'UnlearningBackdoor', 'FAST', 'MCCFed']
[train] training one shared poisoned FL history for all methods...
[train] done in 73.05s | poisoned clean_acc=0.5013, ASR=0.8826
[baseline] training clean retrain-from-scratch baseline...
[baseline] clean_acc=0.5113, ASR=0.0357, time=56.50s
[recover] FedRecover...
[recover] FedRecover: clean_acc=0.4927, ASR=0.0379, time=56.72s
[recover] Crab...
[recover] Crab: clean_acc=0.4947, ASR=0.7979, time=36.31s
[recover] FedUP...
[recover] FedUP: clean_acc=0.4867, ASR=0.0535, time=9.10s
[recover] FedSweep...
[recover] FedSweep: clean_acc=0.4980, ASR=0.1159, time=6.28s
[recover] UnlearningBackdoor...
[recover] UnlearningBackdoor: clean_acc=0.4553, ASR=0.0423, time=0.72s
[recover] FAST...
[recover] FAST: clean_acc=0.5167, ASR=0.7429, time=1.02s
[recover] MCCFed...
[recover] MCCFed: clean_acc=0.5107, ASR=0.0453, time=9.32s
[done] results saved to outputs\comprehensive_reproduction\data_distribution\cifar10_iid_backdoor_square\run-20260524-035221\results.csv
