[setup] output_dir=outputs\comprehensive_reproduction\malicious_ratio\mnist_dirichlet_alpha05_backdoor_30p_malicious\run-20260524-111541
[setup] methods=['FedRecover', 'Crab', 'FedUP', 'FedSweep', 'UnlearningBackdoor', 'FAST', 'MCCFed']
[train] training one shared poisoned FL history for all methods...
[train] done in 136.93s | poisoned clean_acc=0.9727, ASR=0.9993
[baseline] training clean retrain-from-scratch baseline...
[baseline] clean_acc=0.9673, ASR=0.0044, time=82.46s
[recover] FedRecover...
[recover] FedRecover: clean_acc=0.9700, ASR=0.0029, time=53.67s
[recover] Crab...
[recover] Crab: clean_acc=0.9587, ASR=0.0029, time=83.78s
[recover] FedUP...
[recover] FedUP: clean_acc=0.9573, ASR=0.0299, time=13.19s
[recover] FedSweep...
[recover] FedSweep: clean_acc=0.9680, ASR=0.8729, time=3.51s
[recover] UnlearningBackdoor...
[recover] UnlearningBackdoor: clean_acc=0.9627, ASR=0.0015, time=0.86s
[recover] FAST...
[recover] FAST: clean_acc=0.9680, ASR=0.0066, time=2.35s
[recover] MCCFed...
[recover] MCCFed: clean_acc=0.5267, ASR=0.4580, time=1.39s
[done] results saved to outputs\comprehensive_reproduction\malicious_ratio\mnist_dirichlet_alpha05_backdoor_30p_malicious\run-20260524-111541\results.csv
