[setup] output_dir=outputs\comprehensive_reproduction\data_distribution\mnist_dirichlet_alpha1_backdoor_square\run-20260524-031629
[setup] methods=['FedRecover', 'Crab', 'FedUP', 'FedSweep', 'UnlearningBackdoor', 'FAST', 'MCCFed']
[train] training one shared poisoned FL history for all methods...
[train] done in 140.52s | poisoned clean_acc=0.9773, ASR=0.9956
[baseline] training clean retrain-from-scratch baseline...
[baseline] clean_acc=0.9747, ASR=0.0037, time=106.85s
[recover] FedRecover...
[recover] FedRecover: clean_acc=0.9720, ASR=0.0022, time=66.09s
[recover] Crab...
[recover] Crab: clean_acc=0.9660, ASR=0.5566, time=79.90s
[recover] FedUP...
[recover] FedUP: clean_acc=0.9687, ASR=0.0037, time=16.21s
[recover] FedSweep...
[recover] FedSweep: clean_acc=0.9767, ASR=0.9167, time=4.04s
[recover] UnlearningBackdoor...
[recover] UnlearningBackdoor: clean_acc=0.9713, ASR=0.0007, time=0.71s
[recover] FAST...
[recover] FAST: clean_acc=0.9667, ASR=0.0000, time=6.19s
[recover] MCCFed...
[recover] MCCFed: clean_acc=0.3820, ASR=0.0000, time=2.48s
[done] results saved to outputs\comprehensive_reproduction\data_distribution\mnist_dirichlet_alpha1_backdoor_square\run-20260524-031629\results.csv
