D:\我的文件\悉尼大学S3\Capstone\fu_repro_benchmark\.venv\Lib\site-packages\torchvision\datasets\cifar.py:83: VisibleDeprecationWarning: dtype(): align should be passed as Python or NumPy boolean but got `align=0`. Did you mean to pass a tuple to create a subarray type? (Deprecated NumPy 2.4)
  entry = pickle.load(f, encoding="latin1")
[setup] output_dir=outputs\comprehensive_reproduction\attack_robustness\cifar10_dirichlet_alpha05_model_replacement\run-20260524-104643
[setup] methods=['FedRecover', 'Crab', 'FedUP', 'FedSweep', 'UnlearningBackdoor', 'FAST', 'MCCFed']
[train] training one shared poisoned FL history for all methods...
[train] done in 82.63s | poisoned clean_acc=0.5053, ASR=0.9421
[baseline] training clean retrain-from-scratch baseline...
[baseline] clean_acc=0.4953, ASR=0.0565, time=58.31s
[recover] FedRecover...
[recover] FedRecover: clean_acc=0.4787, ASR=0.0334, time=57.52s
[recover] Crab...
[recover] Crab: clean_acc=0.3647, ASR=0.0490, time=50.02s
[recover] FedUP...
[recover] FedUP: clean_acc=0.4440, ASR=0.0788, time=9.20s
[recover] FedSweep...
[recover] FedSweep: clean_acc=0.4893, ASR=0.8923, time=3.92s
[recover] UnlearningBackdoor...
[recover] UnlearningBackdoor: clean_acc=0.1587, ASR=0.0000, time=0.73s
[recover] FAST...
[recover] FAST: clean_acc=0.5240, ASR=0.0788, time=1.15s
[recover] MCCFed...
[recover] MCCFed: clean_acc=0.2927, ASR=0.2311, time=7.82s
[done] results saved to outputs\comprehensive_reproduction\attack_robustness\cifar10_dirichlet_alpha05_model_replacement\run-20260524-104643\results.csv
