[setup] output_dir=outputs\comprehensive_reproduction\data_distribution\fmnist_iid_backdoor_square\run-20260524-033809
[setup] methods=['FedRecover', 'Crab', 'FedUP', 'FedSweep', 'UnlearningBackdoor', 'FAST', 'MCCFed']
[train] training one shared poisoned FL history for all methods...
[train] done in 126.16s | poisoned clean_acc=0.8433, ASR=0.9845
[baseline] training clean retrain-from-scratch baseline...
[baseline] clean_acc=0.8487, ASR=0.0103, time=99.78s
[recover] FedRecover...
[recover] FedRecover: clean_acc=0.8407, ASR=0.0037, time=65.87s
[recover] Crab...
[recover] Crab: clean_acc=0.8340, ASR=0.9816, time=61.25s
[recover] FedUP...
[recover] FedUP: clean_acc=0.8287, ASR=0.0103, time=15.66s
[recover] FedSweep...
[recover] FedSweep: clean_acc=0.8367, ASR=0.0501, time=5.67s
[recover] UnlearningBackdoor...
[recover] UnlearningBackdoor: clean_acc=0.8160, ASR=0.0066, time=0.72s
[recover] FAST...
[recover] FAST: clean_acc=0.8493, ASR=0.3584, time=1.26s
[recover] MCCFed...
[recover] MCCFed: clean_acc=0.8393, ASR=0.0074, time=12.84s
[done] results saved to outputs\comprehensive_reproduction\data_distribution\fmnist_iid_backdoor_square\run-20260524-033809\results.csv
