[setup] output_dir=outputs\comprehensive_reproduction\attack_robustness\mnist_dirichlet_alpha05_label_flip\run-20260524-100057
[setup] methods=['FedRecover', 'Crab', 'FedUP', 'FedSweep', 'UnlearningBackdoor', 'FAST', 'MCCFed']
[train] training one shared poisoned FL history for all methods...
[train] done in 147.02s | poisoned clean_acc=0.8680, ASR=0.0051
[baseline] training clean retrain-from-scratch baseline...
[baseline] clean_acc=0.9700, ASR=0.0022, time=104.85s
[recover] FedRecover...
[recover] FedRecover: clean_acc=0.9713, ASR=0.0029, time=64.66s
[recover] Crab...
[recover] Crab: clean_acc=0.9660, ASR=0.0007, time=76.76s
[recover] FedUP...
[recover] FedUP: clean_acc=0.9600, ASR=0.0058, time=15.67s
[recover] FedSweep...
[recover] FedSweep: clean_acc=0.9173, ASR=0.0037, time=4.79s
[recover] UnlearningBackdoor...
[recover] UnlearningBackdoor: clean_acc=0.1073, ASR=0.0000, time=0.75s
[recover] FAST...
[recover] FAST: clean_acc=0.9607, ASR=0.0000, time=1.51s
[recover] MCCFed...
[recover] MCCFed: clean_acc=0.0967, ASR=0.0000, time=1.95s
[done] results saved to outputs\comprehensive_reproduction\attack_robustness\mnist_dirichlet_alpha05_label_flip\run-20260524-100057\results.csv
