D:\我的文件\悉尼大学S3\Capstone\fu_repro_benchmark\.venv\Lib\site-packages\torchvision\datasets\cifar.py:83: VisibleDeprecationWarning: dtype(): align should be passed as Python or NumPy boolean but got `align=0`. Did you mean to pass a tuple to create a subarray type? (Deprecated NumPy 2.4)
  entry = pickle.load(f, encoding="latin1")
[setup] output_dir=outputs\comprehensive_reproduction\malicious_ratio\cifar10_dirichlet_alpha05_backdoor_40p_malicious\run-20260524-114637
[setup] methods=['FedRecover', 'Crab', 'FedUP', 'FedSweep', 'UnlearningBackdoor', 'FAST', 'MCCFed']
[train] training one shared poisoned FL history for all methods...
[train] done in 82.89s | poisoned clean_acc=0.4807, ASR=0.9629
[baseline] training clean retrain-from-scratch baseline...
[baseline] clean_acc=0.4833, ASR=0.0446, time=42.35s
[recover] FedRecover...
[recover] FedRecover: clean_acc=0.4393, ASR=0.0617, time=41.99s
[recover] Crab...
[recover] Crab: clean_acc=0.3880, ASR=0.0357, time=44.82s
[recover] FedUP...
[recover] FedUP: clean_acc=0.3940, ASR=0.0810, time=6.58s
[recover] FedSweep...
[recover] FedSweep: clean_acc=0.4573, ASR=0.1092, time=6.29s
[recover] UnlearningBackdoor...
[recover] UnlearningBackdoor: clean_acc=0.3440, ASR=0.0862, time=0.74s
[recover] FAST...
[recover] FAST: clean_acc=0.4873, ASR=0.9034, time=0.93s
[recover] MCCFed...
[recover] MCCFed: clean_acc=0.1027, ASR=0.0000, time=1.02s
[done] results saved to outputs\comprehensive_reproduction\malicious_ratio\cifar10_dirichlet_alpha05_backdoor_40p_malicious\run-20260524-114637\results.csv
