D:\我的文件\悉尼大学S3\Capstone\fu_repro_benchmark\.venv\Lib\site-packages\torchvision\datasets\cifar.py:83: VisibleDeprecationWarning: dtype(): align should be passed as Python or NumPy boolean but got `align=0`. Did you mean to pass a tuple to create a subarray type? (Deprecated NumPy 2.4)
  entry = pickle.load(f, encoding="latin1")
[setup] output_dir=outputs\comprehensive_reproduction\malicious_ratio\cifar10_dirichlet_alpha05_backdoor_10p_malicious\run-20260524-114155
[setup] methods=['FedRecover', 'Crab', 'FedUP', 'FedSweep', 'UnlearningBackdoor', 'FAST', 'MCCFed']
[train] training one shared poisoned FL history for all methods...
[train] done in 85.86s | poisoned clean_acc=0.4807, ASR=0.6478
[baseline] training clean retrain-from-scratch baseline...
[baseline] clean_acc=0.5000, ASR=0.0483, time=61.57s
[recover] FedRecover...
[recover] FedRecover: clean_acc=0.4753, ASR=0.0327, time=58.90s
[recover] Crab...
[recover] Crab: clean_acc=0.4420, ASR=0.1709, time=41.94s
[recover] FedUP...
[recover] FedUP: clean_acc=0.4460, ASR=0.0632, time=9.48s
[recover] FedSweep...
[recover] FedSweep: clean_acc=0.4667, ASR=0.0743, time=5.34s
[recover] UnlearningBackdoor...
[recover] UnlearningBackdoor: clean_acc=0.4500, ASR=0.0319, time=0.71s
[recover] FAST...
[recover] FAST: clean_acc=0.4727, ASR=0.0208, time=4.36s
[recover] MCCFed...
[recover] MCCFed: clean_acc=0.2033, ASR=0.0000, time=1.16s
[done] results saved to outputs\comprehensive_reproduction\malicious_ratio\cifar10_dirichlet_alpha05_backdoor_10p_malicious\run-20260524-114155\results.csv
