[setup] output_dir=outputs\comprehensive_reproduction\malicious_ratio\fmnist_dirichlet_alpha05_backdoor_40p_malicious\run-20260524-113533
[setup] methods=['FedRecover', 'Crab', 'FedUP', 'FedSweep', 'UnlearningBackdoor', 'FAST', 'MCCFed']
[train] training one shared poisoned FL history for all methods...
[train] done in 130.67s | poisoned clean_acc=0.8340, ASR=0.9926
[baseline] training clean retrain-from-scratch baseline...
[baseline] clean_acc=0.8433, ASR=0.0111, time=84.74s
[recover] FedRecover...
[recover] FedRecover: clean_acc=0.8240, ASR=0.0007, time=55.71s
[recover] Crab...
[recover] Crab: clean_acc=0.7573, ASR=0.0081, time=78.85s
[recover] FedUP...
[recover] FedUP: clean_acc=0.8153, ASR=0.0088, time=12.43s
[recover] FedSweep...
[recover] FedSweep: clean_acc=0.8193, ASR=0.0258, time=4.85s
[recover] UnlearningBackdoor...
[recover] UnlearningBackdoor: clean_acc=0.7853, ASR=0.0265, time=0.68s
[recover] FAST...
[recover] FAST: clean_acc=0.8387, ASR=0.9027, time=0.84s
[recover] MCCFed...
[recover] MCCFed: clean_acc=0.4480, ASR=0.9314, time=1.73s
[done] results saved to outputs\comprehensive_reproduction\malicious_ratio\fmnist_dirichlet_alpha05_backdoor_40p_malicious\run-20260524-113533\results.csv
