[setup] output_dir=outputs\comprehensive_reproduction\attack_robustness\fmnist_dirichlet_alpha05_model_replacement\run-20260524-103003
[setup] methods=['FedRecover', 'Crab', 'FedUP', 'FedSweep', 'UnlearningBackdoor', 'FAST', 'MCCFed']
[train] training one shared poisoned FL history for all methods...
[train] done in 137.60s | poisoned clean_acc=0.8400, ASR=0.9948
[baseline] training clean retrain-from-scratch baseline...
[baseline] clean_acc=0.8373, ASR=0.0037, time=108.84s
[recover] FedRecover...
[recover] FedRecover: clean_acc=0.8293, ASR=0.0059, time=70.63s
[recover] Crab...
[recover] Crab: clean_acc=0.7280, ASR=0.0000, time=80.78s
[recover] FedUP...
[recover] FedUP: clean_acc=0.8280, ASR=0.0310, time=16.65s
[recover] FedSweep...
[recover] FedSweep: clean_acc=0.8300, ASR=0.6969, time=3.35s
[recover] UnlearningBackdoor...
[recover] UnlearningBackdoor: clean_acc=0.7347, ASR=0.0088, time=0.70s
[recover] FAST...
[recover] FAST: clean_acc=0.8407, ASR=0.5295, time=0.89s
[recover] MCCFed...
[recover] MCCFed: clean_acc=0.6213, ASR=0.0000, time=2.00s
[done] results saved to outputs\comprehensive_reproduction\attack_robustness\fmnist_dirichlet_alpha05_model_replacement\run-20260524-103003\results.csv
