D:\我的文件\悉尼大学S3\Capstone\fu_repro_benchmark\.venv\Lib\site-packages\torchvision\datasets\cifar.py:83: VisibleDeprecationWarning: dtype(): align should be passed as Python or NumPy boolean but got `align=0`. Did you mean to pass a tuple to create a subarray type? (Deprecated NumPy 2.4)
  entry = pickle.load(f, encoding="latin1")
[setup] output_dir=outputs\comprehensive_reproduction\efficiency\cifar10_dirichlet_alpha05_backdoor_square\run-20260524-120955
[setup] methods=['FedRecover', 'Crab', 'FedUP', 'FedSweep', 'UnlearningBackdoor', 'FAST', 'MCCFed']
[train] training one shared poisoned FL history for all methods...
[train] done in 85.95s | poisoned clean_acc=0.4993, ASR=0.8938
[baseline] training clean retrain-from-scratch baseline...
[baseline] clean_acc=0.4967, ASR=0.0565, time=56.92s
[recover] FedRecover...
[recover] FedRecover: clean_acc=0.4800, ASR=0.0513, time=53.98s
[recover] Crab...
[recover] Crab: clean_acc=0.4047, ASR=0.0513, time=50.54s
[recover] FedUP...
[recover] FedUP: clean_acc=0.4140, ASR=0.1204, time=9.66s
[recover] FedSweep...
[recover] FedSweep: clean_acc=0.4747, ASR=0.1419, time=5.78s
[recover] UnlearningBackdoor...
[recover] UnlearningBackdoor: clean_acc=0.4347, ASR=0.0431, time=0.71s
[recover] FAST...
[recover] FAST: clean_acc=0.4900, ASR=0.7727, time=1.12s
[recover] MCCFed...
[recover] MCCFed: clean_acc=0.4027, ASR=0.4086, time=10.63s
[done] results saved to outputs\comprehensive_reproduction\efficiency\cifar10_dirichlet_alpha05_backdoor_square\run-20260524-120955\results.csv
