[setup] output_dir=outputs\comprehensive_reproduction\efficiency\mnist_dirichlet_alpha05_backdoor_square\run-20260524-115506
[setup] methods=['FedRecover', 'Crab', 'FedUP', 'FedSweep', 'UnlearningBackdoor', 'FAST', 'MCCFed']
[train] training one shared poisoned FL history for all methods...
[train] done in 142.94s | poisoned clean_acc=0.9713, ASR=0.9993
[baseline] training clean retrain-from-scratch baseline...
[baseline] clean_acc=0.9713, ASR=0.0022, time=103.34s
[recover] FedRecover...
[recover] FedRecover: clean_acc=0.9707, ASR=0.0007, time=67.00s
[recover] Crab...
[recover] Crab: clean_acc=0.9600, ASR=0.0037, time=82.95s
[recover] FedUP...
[recover] FedUP: clean_acc=0.9627, ASR=0.0146, time=16.22s
[recover] FedSweep...
[recover] FedSweep: clean_acc=0.9573, ASR=0.0088, time=5.09s
[recover] UnlearningBackdoor...
[recover] UnlearningBackdoor: clean_acc=0.9687, ASR=0.0007, time=0.78s
[recover] FAST...
[recover] FAST: clean_acc=0.9713, ASR=0.0190, time=1.72s
[recover] MCCFed...
[recover] MCCFed: clean_acc=0.9647, ASR=0.0037, time=12.90s
[done] results saved to outputs\comprehensive_reproduction\efficiency\mnist_dirichlet_alpha05_backdoor_square\run-20260524-115506\results.csv
