[setup] output_dir=outputs\comprehensive_reproduction\data_distribution\mnist_dirichlet_alpha01_backdoor_square\run-20260524-033107
[setup] methods=['FedRecover', 'Crab', 'FedUP', 'FedSweep', 'UnlearningBackdoor', 'FAST', 'MCCFed']
[train] training one shared poisoned FL history for all methods...
[train] done in 139.11s | poisoned clean_acc=0.9673, ASR=0.9861
[baseline] training clean retrain-from-scratch baseline...
[baseline] clean_acc=0.9633, ASR=0.0029, time=98.45s
[recover] FedRecover...
[recover] FedRecover: clean_acc=0.9587, ASR=0.0007, time=63.85s
[recover] Crab...
[recover] Crab: clean_acc=0.9080, ASR=0.0007, time=85.16s
[recover] FedUP...
[recover] FedUP: clean_acc=0.9387, ASR=0.0073, time=15.55s
[recover] FedSweep...
[recover] FedSweep: clean_acc=0.9467, ASR=0.0212, time=5.38s
[recover] UnlearningBackdoor...
[recover] UnlearningBackdoor: clean_acc=0.9580, ASR=0.0007, time=0.69s
[recover] FAST...
[recover] FAST: clean_acc=0.9667, ASR=0.6238, time=1.06s
[recover] MCCFed...
[recover] MCCFed: clean_acc=0.0913, ASR=0.0000, time=2.21s
[done] results saved to outputs\comprehensive_reproduction\data_distribution\mnist_dirichlet_alpha01_backdoor_square\run-20260524-033107\results.csv
