[setup] output_dir=outputs\comprehensive_reproduction\attack_robustness\mnist_dirichlet_alpha05_backdoor_center\run-20260524-095336
[setup] methods=['FedRecover', 'Crab', 'FedUP', 'FedSweep', 'UnlearningBackdoor', 'FAST', 'MCCFed']
[train] training one shared poisoned FL history for all methods...
[train] done in 146.96s | poisoned clean_acc=0.9687, ASR=0.3251
[baseline] training clean retrain-from-scratch baseline...
[baseline] clean_acc=0.9713, ASR=0.0000, time=111.72s
[recover] FedRecover...
[recover] FedRecover: clean_acc=0.9700, ASR=0.0007, time=68.34s
[recover] Crab...
[recover] Crab: clean_acc=0.9607, ASR=0.0007, time=78.57s
[recover] FedUP...
[recover] FedUP: clean_acc=0.9680, ASR=0.0015, time=16.30s
[recover] FedSweep...
[recover] FedSweep: clean_acc=0.9693, ASR=0.0110, time=4.24s
[recover] UnlearningBackdoor...
[recover] UnlearningBackdoor: clean_acc=0.1047, ASR=0.0000, time=0.71s
[recover] FAST...
[recover] FAST: clean_acc=0.9727, ASR=0.0000, time=1.44s
[recover] MCCFed...
[recover] MCCFed: clean_acc=0.0880, ASR=0.0000, time=1.88s
[done] results saved to outputs\comprehensive_reproduction\attack_robustness\mnist_dirichlet_alpha05_backdoor_center\run-20260524-095336\results.csv
